# JRE version: OpenJDK Runtime Environment Zulu16.32+15-CA (16.0.2+7) (build 16.0.2+7)
# Java VM: OpenJDK 64-Bit Server VM Zulu16.32+15-CA (16.0.2+7, mixed mode, tiered, compressed oops, compressed class ptrs, g1 gc, bsd-aarch64)
GC Precious Log:
 CPUs: 8 total, 8 available
 Memory: 8192M
 Large Page Support: Disabled
 NUMA Support: Disabled
 Compressed Oops: Enabled (Zero based)
 Heap Region Size: 1M
 Heap Min Capacity: 8M
 Heap Initial Capacity: 128M
 Heap Max Capacity: 2G
 Pre-touch: Disabled
 Parallel Workers: 8
 Concurrent Workers: 2
 Concurrent Refinement Workers: 8
 Periodic GC: Disabled
Heap:
 garbage-first heap   total 280576K, used 172410K [0x0000000740000000, 0x00000007c0000000)
  region size 1024K, 164 young (167936K), 1 survivors (1024K)
 Metaspace       used 13769K, committed 14080K, reserved 1064960K
  class space    used 1206K, committed 1344K, reserved 1048576K
GC Heap History (20 events):
Event: 15.433 GC heap after
{Heap after GC invocations=82 (full 0):
 garbage-first heap   total 280576K, used 4957K [0x0000000740000000, 0x00000007c0000000)
  region size 1024K, 1 young (1024K), 1 survivors (1024K)
 Metaspace       used 13769K, committed 14080K, reserved 1064960K
  class space    used 1206K, committed 1344K, reserved 1048576K
}
Event: 15.736 GC heap before
{Heap before GC invocations=82 (full 0):
 garbage-first heap   total 280576K, used 171869K [0x0000000740000000, 0x00000007c0000000)
  region size 1024K, 164 young (167936K), 1 survivors (1024K)
 Metaspace       used 13769K, committed 14080K, reserved 1064960K
  class space    used 1206K, committed 1344K, reserved 1048576K
}
Event: 15.751 GC heap after
{Heap after GC invocations=83 (full 0):
 garbage-first heap   total 280576K, used 5477K [0x0000000740000000, 0x00000007c0000000)
  region size 1024K, 2 young (2048K), 2 survivors (2048K)
 Metaspace       used 13769K, committed 14080K, reserved 1064960K
  class space    used 1206K, committed 1344K, reserved 1048576K
}
Event: 16.195 GC heap before
{Heap before GC invocations=83 (full 0):
 garbage-first heap   total 280576K, used 171365K [0x0000000740000000, 0x00000007c0000000)
  region size 1024K, 164 young (167936K), 2 survivors (2048K)
 Metaspace       used 13769K, committed 14080K, reserved 1064960K
  class space    used 1206K, committed 1344K, reserved 1048576K
}
Event: 16.200 GC heap after
{Heap after GC invocations=84 (full 0):
 garbage-first heap   total 280576K, used 5069K [0x0000000740000000, 0x00000007c0000000)
  region size 1024K, 1 young (1024K), 1 survivors (1024K)
 Metaspace       used 13769K, committed 14080K, reserved 1064960K
  class space    used 1206K, committed 1344K, reserved 1048576K
}
Event: 16.568 GC heap before
{Heap before GC invocations=84 (full 0):
 garbage-first heap   total 280576K, used 171981K [0x0000000740000000, 0x00000007c0000000)
  region size 1024K, 164 young (167936K), 1 survivors (1024K)
 Metaspace       used 13769K, committed 14080K, reserved 1064960K
  class space    used 1206K, committed 1344K, reserved 1048576K
}
Event: 16.571 GC heap after
{Heap after GC invocations=85 (full 0):
 garbage-first heap   total 280576K, used 6409K [0x0000000740000000, 0x00000007c0000000)
  region size 1024K, 2 young (2048K), 2 survivors (2048K)
 Metaspace       used 13769K, committed 14080K, reserved 1064960K
  class space    used 1206K, committed 1344K, reserved 1048576K
}
Event: 16.797 GC heap before
{Heap before GC invocations=85 (full 0):
 garbage-first heap   total 280576K, used 172297K [0x0000000740000000, 0x00000007c0000000)
  region size 1024K, 164 young (167936K), 2 survivors (2048K)
 Metaspace       used 13769K, committed 14080K, reserved 1064960K
  class space    used 1206K, committed 1344K, reserved 1048576K
}
Event: 16.800 GC heap after
{Heap after GC invocations=86 (full 0):
 garbage-first heap   total 280576K, used 5551K [0x0000000740000000, 0x00000007c0000000)
  region size 1024K, 1 young (1024K), 1 survivors (1024K)
 Metaspace       used 13769K, committed 14080K, reserved 1064960K
  class space    used 1206K, committed 1344K, reserved 1048576K
}
Event: 17.090 GC heap before
{Heap before GC invocations=86 (full 0):
 garbage-first heap   total 280576K, used 172463K [0x0000000740000000, 0x00000007c0000000)
  region size 1024K, 164 young (167936K), 1 survivors (1024K)
 Metaspace       used 13769K, committed 14080K, reserved 1064960K
  class space    used 1206K, committed 1344K, reserved 1048576K
}
Event: 17.092 GC heap after
{Heap after GC invocations=87 (full 0):
 garbage-first heap   total 280576K, used 6268K [0x0000000740000000, 0x00000007c0000000)
  region size 1024K, 2 young (2048K), 2 survivors (2048K)
 Metaspace       used 13769K, committed 14080K, reserved 1064960K
  class space    used 1206K, committed 1344K, reserved 1048576K
}
Event: 17.284 GC heap before
{Heap before GC invocations=87 (full 0):
 garbage-first heap   total 280576K, used 172156K [0x0000000740000000, 0x00000007c0000000)
  region size 1024K, 164 young (167936K), 2 survivors (2048K)
 Metaspace       used 13769K, committed 14080K, reserved 1064960K
  class space    used 1206K, committed 1344K, reserved 1048576K
}
Event: 17.285 GC heap after
{Heap after GC invocations=88 (full 0):
 garbage-first heap   total 280576K, used 5028K [0x0000000740000000, 0x00000007c0000000)
  region size 1024K, 1 young (1024K), 1 survivors (1024K)
 Metaspace       used 13769K, committed 14080K, reserved 1064960K
  class space    used 1206K, committed 1344K, reserved 1048576K
}
Event: 17.472 GC heap before
{Heap before GC invocations=88 (full 0):
 garbage-first heap   total 280576K, used 171940K [0x0000000740000000, 0x00000007c0000000)
  region size 1024K, 164 young (167936K), 1 survivors (1024K)
 Metaspace       used 13769K, committed 14080K, reserved 1064960K
  class space    used 1206K, committed 1344K, reserved 1048576K
}
Event: 17.473 GC heap after
{Heap after GC invocations=89 (full 0):
 garbage-first heap   total 280576K, used 6553K [0x0000000740000000, 0x00000007c0000000)
  region size 1024K, 2 young (2048K), 2 survivors (2048K)
 Metaspace       used 13769K, committed 14080K, reserved 1064960K
  class space    used 1206K, committed 1344K, reserved 1048576K
}
Event: 17.678 GC heap before
{Heap before GC invocations=89 (full 0):
 garbage-first heap   total 280576K, used 172441K [0x0000000740000000, 0x00000007c0000000)
  region size 1024K, 164 young (167936K), 2 survivors (2048K)
 Metaspace       used 13769K, committed 14080K, reserved 1064960K
  class space    used 1206K, committed 1344K, reserved 1048576K
}
Event: 17.680 GC heap after
{Heap after GC invocations=90 (full 0):
 garbage-first heap   total 280576K, used 6259K [0x0000000740000000, 0x00000007c0000000)
  region size 1024K, 2 young (2048K), 2 survivors (2048K)
 Metaspace       used 13769K, committed 14080K, reserved 1064960K
  class space    used 1206K, committed 1344K, reserved 1048576K
}
Event: 17.885 GC heap before
{Heap before GC invocations=90 (full 0):
 garbage-first heap   total 280576K, used 172147K [0x0000000740000000, 0x00000007c0000000)
  region size 1024K, 164 young (167936K), 2 survivors (2048K)
 Metaspace       used 13769K, committed 14080K, reserved 1064960K
  class space    used 1206K, committed 1344K, reserved 1048576K
}
Event: 17.886 GC heap after
{Heap after GC invocations=91 (full 0):
 garbage-first heap   total 280576K, used 5498K [0x0000000740000000, 0x00000007c0000000)
  region size 1024K, 1 young (1024K), 1 survivors (1024K)
 Metaspace       used 13769K, committed 14080K, reserved 1064960K
  class space    used 1206K, committed 1344K, reserved 1048576K
}
Event: 18.078 GC heap before
{Heap before GC invocations=91 (full 0):
 garbage-first heap   total 280576K, used 172410K [0x0000000740000000, 0x00000007c0000000)
  region size 1024K, 164 young (167936K), 1 survivors (1024K)
 Metaspace       used 13769K, committed 14080K, reserved 1064960K
  class space    used 1206K, committed 1344K, reserved 1048576K
}

